<?xml version="1.0" encoding="UTF-8"?>
<!-- Generated by org.testng.reporters.JUnitReportReporter -->
<testsuite hostname="OY1904015" failures="0" tests="1" name="test.TestNG_Demo" time="16.871" errors="0" timestamp="2023-04-16T21:39:56 EEST" skipped="0">
  <testcase classname="test.TestNG_Demo" name="googleSearch" time="16.871"/>
  <system-out/>
</testsuite> <!-- test.TestNG_Demo -->
